d:\assignment10\x64\debug\vc143.pdb
d:\assignment10\x64\debug\vc143.idb
d:\assignment10\x64\debug\matrix3x3.obj
d:\assignment10\x64\debug\crttriangle.obj
d:\assignment10\x64\debug\crtray.h.ifc
d:\assignment10\x64\debug\crtray.h.ifc.d.json
d:\assignment10\x64\debug\crtray.h.obj
d:\assignment10\x64\debug\pointlight.h.ifc
d:\assignment10\x64\debug\pointlight.h.ifc.d.json
d:\assignment10\x64\debug\pointlight.h.obj
d:\assignment10\x64\debug\crtvector.h.ifc
d:\assignment10\x64\debug\crtvector.h.ifc.d.json
d:\assignment10\x64\debug\crtvector.h.obj
d:\assignment10\x64\debug\assignment10.exe
d:\assignment10\x64\debug\assignment10.ilk
d:\assignment10\x64\debug\assignment10.pdb
d:\assignment10\x64\debug\crtvector.h.module.json
d:\assignment10\x64\debug\crtray.h.module.json
d:\assignment10\x64\debug\pointlight.h.module.json
d:\assignment10\x64\debug\assignment10.obj
d:\assignment10\x64\debug\material.obj
d:\assignment10\x64\debug\assignment10.tlog\cl.command.1.tlog
d:\assignment10\x64\debug\assignment10.tlog\cl.read.1.tlog
d:\assignment10\x64\debug\assignment10.tlog\cl.write.1.tlog
d:\assignment10\x64\debug\assignment10.tlog\link.command.1.tlog
d:\assignment10\x64\debug\assignment10.tlog\link.read.1.tlog
d:\assignment10\x64\debug\assignment10.tlog\link.write.1.tlog
d:\assignment10\x64\debug\assignment10_md.tlog\cl.command.1.tlog
d:\assignment10\x64\debug\assignment10_md.tlog\microsoft.build.cpptasks.cl.read.1.tlog
d:\assignment10\x64\debug\assignment10_md.tlog\microsoft.build.cpptasks.cl.write.1.tlog
